2024-01-24 10:10:52 [scrapy.utils.log] INFO: Scrapy 2.11.0 started (bot: steam)
2024-01-24 10:10:52 [scrapy.utils.log] INFO: Versions: lxml 5.0.0.0, libxml2 2.10.3, cssselect 1.2.0, parsel 1.8.1, w3lib 2.1.2, Twisted 22.10.0, Python 3.10.7 (tags/v3.10.7:6cc6b13, Sep  5 2022, 14:08:36) [MSC v.1933 64 bit (AMD64)], pyOpenSSL 23.3.0 (OpenSSL 3.1.4 24 Oct 2023), cryptography 41.0.7, Platform Windows-10-10.0.22635-SP0
2024-01-24 10:10:52 [scrapy.addons] INFO: Enabled addons:
[]
2024-01-24 10:10:52 [py.warnings] WARNING: E:\pyhton\lib\site-packages\scrapy\utils\request.py:254: ScrapyDeprecationWarning: '2.6' is a deprecated value for the 'REQUEST_FINGERPRINTER_IMPLEMENTATION' setting.

It is also the default value. In other words, it is normal to get this warning if you have not defined a value for the 'REQUEST_FINGERPRINTER_IMPLEMENTATION' setting. This is so for backward compatibility reasons, but it will change in a future version of Scrapy.

See the documentation of the 'REQUEST_FINGERPRINTER_IMPLEMENTATION' setting for information on how to handle this deprecation.
  return cls(crawler)

2024-01-24 10:10:52 [scrapy.extensions.telnet] INFO: Telnet Password: 9448c8c14d420b05
2024-01-24 10:10:52 [scrapy.middleware] INFO: Enabled extensions:
['scrapy.extensions.corestats.CoreStats',
 'scrapy.extensions.telnet.TelnetConsole',
 'scrapy.extensions.feedexport.FeedExporter',
 'scrapy.extensions.logstats.LogStats',
 'scrapy.extensions.spiderstate.SpiderState',
 'scrapy.extensions.throttle.AutoThrottle']
2024-01-24 10:10:52 [scrapy.crawler] INFO: Overridden settings:
{'AUTOTHROTTLE_ENABLED': True,
 'BOT_NAME': 'steam',
 'DUPEFILTER_CLASS': 'steam.middlewares.SteamDupeFilter',
 'FEED_EXPORT_ENCODING': 'utf-8',
 'HTTPCACHE_ENABLED': 'False',
 'HTTPCACHE_IGNORE_HTTP_CODES': [301, 302, 303, 306, 307, 308],
 'HTTPCACHE_STORAGE': 'steam.middlewares.SteamCacheStorage',
 'LOG_FILE': 'output/products_all.log',
 'LOG_LEVEL': 'INFO',
 'NEWSPIDER_MODULE': 'steam.spiders',
 'ROBOTSTXT_OBEY': True,
 'SPIDER_MODULES': ['steam.spiders'],
 'USER_AGENT': 'Steam Scraper'}
2024-01-24 10:10:53 [scrapy.middleware] INFO: Enabled downloader middlewares:
['scrapy.downloadermiddlewares.robotstxt.RobotsTxtMiddleware',
 'scrapy.downloadermiddlewares.httpauth.HttpAuthMiddleware',
 'scrapy.downloadermiddlewares.downloadtimeout.DownloadTimeoutMiddleware',
 'scrapy.downloadermiddlewares.defaultheaders.DefaultHeadersMiddleware',
 'scrapy.downloadermiddlewares.useragent.UserAgentMiddleware',
 'scrapy.downloadermiddlewares.retry.RetryMiddleware',
 'scrapy.downloadermiddlewares.redirect.MetaRefreshMiddleware',
 'scrapy.downloadermiddlewares.httpcompression.HttpCompressionMiddleware',
 'steam.middlewares.CircumventAgeCheckMiddleware',
 'scrapy.downloadermiddlewares.cookies.CookiesMiddleware',
 'scrapy.downloadermiddlewares.httpproxy.HttpProxyMiddleware',
 'scrapy.downloadermiddlewares.stats.DownloaderStats']
2024-01-24 10:10:53 [scrapy.middleware] INFO: Enabled spider middlewares:
['scrapy.spidermiddlewares.httperror.HttpErrorMiddleware',
 'scrapy.spidermiddlewares.offsite.OffsiteMiddleware',
 'scrapy.spidermiddlewares.referer.RefererMiddleware',
 'scrapy.spidermiddlewares.urllength.UrlLengthMiddleware',
 'scrapy.spidermiddlewares.depth.DepthMiddleware']
2024-01-24 10:10:53 [scrapy.middleware] INFO: Enabled item pipelines:
[]
2024-01-24 10:10:53 [scrapy.core.engine] INFO: Spider opened
2024-01-24 10:10:53 [scrapy.extensions.logstats] INFO: Crawled 0 pages (at 0 pages/min), scraped 0 items (at 0 items/min)
2024-01-24 10:10:53 [scrapy.extensions.telnet] INFO: Telnet console listening on 127.0.0.1:6023
2024-01-24 10:11:26 [scrapy.crawler] INFO: Received SIGINT, shutting down gracefully. Send again to force 
2024-01-24 10:11:26 [scrapy.core.engine] INFO: Closing spider (shutdown)
2024-01-24 10:11:26 [scrapy.crawler] INFO: Received SIGINT twice, forcing unclean shutdown
